2017-11-02 16:53:58 Notice: Notice (8): Undefined variable: queryAllDatosEq in [/var/www/html/depinfo/src/Template/Users/edit.ctp, line 1]
Request URL: /users/edit/3
Trace:
Cake\Error\BaseErrorHandler::handleError() - CORE/src/Error/BaseErrorHandler.php, line 153
include - APP/Template/Users/edit.ctp, line 1
Cake\View\View::_evaluate() - CORE/src/View/View.php, line 1196
Cake\View\View::_render() - CORE/src/View/View.php, line 1157
Cake\View\View::render() - CORE/src/View/View.php, line 765
Cake\Controller\Controller::render() - CORE/src/Controller/Controller.php, line 623
Cake\Http\ActionDispatcher::_invoke() - CORE/src/Http/ActionDispatcher.php, line 125
Cake\Http\ActionDispatcher::dispatch() - CORE/src/Http/ActionDispatcher.php, line 93
Cake\Http\BaseApplication::__invoke() - CORE/src/Http/BaseApplication.php, line 103
Cake\Http\Runner::__invoke() - CORE/src/Http/Runner.php, line 65
Cake\Routing\Middleware\RoutingMiddleware::__invoke() - CORE/src/Routing/Middleware/RoutingMiddleware.php, line 106
Cake\Http\Runner::__invoke() - CORE/src/Http/Runner.php, line 65
Cake\Routing\Middleware\AssetMiddleware::__invoke() - CORE/src/Routing/Middleware/AssetMiddleware.php, line 88
Cake\Http\Runner::__invoke() - CORE/src/Http/Runner.php, line 65
Cake\Error\Middleware\ErrorHandlerMiddleware::__invoke() - CORE/src/Error/Middleware/ErrorHandlerMiddleware.php, line 95
Cake\Http\Runner::__invoke() - CORE/src/Http/Runner.php, line 65
DebugKit\Middleware\DebugKitMiddleware::__invoke() - ROOT/vendor/cakephp/debug_kit/src/Middleware/DebugKitMiddleware.php, line 52
Cake\Http\Runner::__invoke() - CORE/src/Http/Runner.php, line 65
Cake\Http\Runner::run() - CORE/src/Http/Runner.php, line 51
Cake\Http\Server::run() - CORE/src/Http/Server.php, line 81
[main] - ROOT/webroot/index.php, line 40



2017-11-02 17:08:36 Notice: Notice (8): Undefined variable: users in [/var/www/html/depinfo/src/Template/Users/edit.ctp, line 7]
Request URL: /users/edit/2
Referer URL: http://localhost/depinfo/users/index
Trace:
Cake\Error\BaseErrorHandler::handleError() - CORE/src/Error/BaseErrorHandler.php, line 153
include - APP/Template/Users/edit.ctp, line 7
Cake\View\View::_evaluate() - CORE/src/View/View.php, line 1196
Cake\View\View::_render() - CORE/src/View/View.php, line 1157
Cake\View\View::render() - CORE/src/View/View.php, line 765
Cake\Controller\Controller::render() - CORE/src/Controller/Controller.php, line 623
Cake\Http\ActionDispatcher::_invoke() - CORE/src/Http/ActionDispatcher.php, line 125
Cake\Http\ActionDispatcher::dispatch() - CORE/src/Http/ActionDispatcher.php, line 93
Cake\Http\BaseApplication::__invoke() - CORE/src/Http/BaseApplication.php, line 103
Cake\Http\Runner::__invoke() - CORE/src/Http/Runner.php, line 65
Cake\Routing\Middleware\RoutingMiddleware::__invoke() - CORE/src/Routing/Middleware/RoutingMiddleware.php, line 106
Cake\Http\Runner::__invoke() - CORE/src/Http/Runner.php, line 65
Cake\Routing\Middleware\AssetMiddleware::__invoke() - CORE/src/Routing/Middleware/AssetMiddleware.php, line 88
Cake\Http\Runner::__invoke() - CORE/src/Http/Runner.php, line 65
Cake\Error\Middleware\ErrorHandlerMiddleware::__invoke() - CORE/src/Error/Middleware/ErrorHandlerMiddleware.php, line 95
Cake\Http\Runner::__invoke() - CORE/src/Http/Runner.php, line 65
DebugKit\Middleware\DebugKitMiddleware::__invoke() - ROOT/vendor/cakephp/debug_kit/src/Middleware/DebugKitMiddleware.php, line 52
Cake\Http\Runner::__invoke() - CORE/src/Http/Runner.php, line 65
Cake\Http\Runner::run() - CORE/src/Http/Runner.php, line 51
Cake\Http\Server::run() - CORE/src/Http/Server.php, line 81
[main] - ROOT/webroot/index.php, line 40



2017-11-03 00:59:13 Notice: Notice (8): Array to string conversion in [/var/www/html/depinfo/vendor/cakephp/cakephp/src/View/StringTemplate.php, line 242]
Request URL: /users/edit/3
Referer URL: http://localhost/depinfo/users/index
Trace:
Cake\Error\BaseErrorHandler::handleError() - CORE/src/Error/BaseErrorHandler.php, line 153
implode - [internal], line ??
Cake\View\StringTemplate::format() - CORE/src/View/StringTemplate.php, line 242
Cake\View\Widget\ButtonWidget::render() - CORE/src/View/Widget/ButtonWidget.php, line 58
Cake\View\Helper\FormHelper::widget() - CORE/src/View/Helper/FormHelper.php, line 2774
Cake\View\Helper\FormHelper::button() - CORE/src/View/Helper/FormHelper.php, line 1744
include - APP/Template/Users/edit.ctp, line 60
Cake\View\View::_evaluate() - CORE/src/View/View.php, line 1196
Cake\View\View::_render() - CORE/src/View/View.php, line 1157
Cake\View\View::render() - CORE/src/View/View.php, line 765
Cake\Controller\Controller::render() - CORE/src/Controller/Controller.php, line 623
Cake\Http\ActionDispatcher::_invoke() - CORE/src/Http/ActionDispatcher.php, line 125
Cake\Http\ActionDispatcher::dispatch() - CORE/src/Http/ActionDispatcher.php, line 93
Cake\Http\BaseApplication::__invoke() - CORE/src/Http/BaseApplication.php, line 103
Cake\Http\Runner::__invoke() - CORE/src/Http/Runner.php, line 65
Cake\Routing\Middleware\RoutingMiddleware::__invoke() - CORE/src/Routing/Middleware/RoutingMiddleware.php, line 106
Cake\Http\Runner::__invoke() - CORE/src/Http/Runner.php, line 65
Cake\Routing\Middleware\AssetMiddleware::__invoke() - CORE/src/Routing/Middleware/AssetMiddleware.php, line 88
Cake\Http\Runner::__invoke() - CORE/src/Http/Runner.php, line 65
Cake\Error\Middleware\ErrorHandlerMiddleware::__invoke() - CORE/src/Error/Middleware/ErrorHandlerMiddleware.php, line 95
Cake\Http\Runner::__invoke() - CORE/src/Http/Runner.php, line 65
DebugKit\Middleware\DebugKitMiddleware::__invoke() - ROOT/vendor/cakephp/debug_kit/src/Middleware/DebugKitMiddleware.php, line 52
Cake\Http\Runner::__invoke() - CORE/src/Http/Runner.php, line 65
Cake\Http\Runner::run() - CORE/src/Http/Runner.php, line 51
Cake\Http\Server::run() - CORE/src/Http/Server.php, line 81
[main] - ROOT/webroot/index.php, line 40



